# JRE version: Java(TM) SE Runtime Environment (8.0_251-b08) (build 1.8.0_251-b08)
# Java VM: Java HotSpot(TM) 64-Bit Server VM (25.251-b08 mixed mode windows-amd64 compressed oops)
Heap:
 PSYoungGen      total 145408K, used 51010K [0x00000000d5d80000, 0x00000000df880000, 0x0000000100000000)
  eden space 133120K, 38% used [0x00000000d5d80000,0x00000000d8f50990,0x00000000ddf80000)
  from space 12288K, 0% used [0x00000000dec80000,0x00000000dec80000,0x00000000df880000)
  to   space 5120K, 0% used [0x00000000ddf80000,0x00000000ddf80000,0x00000000de480000)
 ParOldGen       total 104960K, used 12651K [0x0000000081800000, 0x0000000087e80000, 0x00000000d5d80000)
  object space 104960K, 12% used [0x0000000081800000,0x000000008245ac20,0x0000000087e80000)
 Metaspace       used 35508K, capacity 37828K, committed 38144K, reserved 1083392K
  class space    used 4585K, capacity 5014K, committed 5120K, reserved 1048576K
GC Heap History (10 events):
Event: 1.353 GC heap before
{Heap before GC invocations=4 (full 1):
 PSYoungGen      total 71680K, used 5112K [0x00000000d5d80000, 0x00000000de980000, 0x0000000100000000)
  eden space 66560K, 0% used [0x00000000d5d80000,0x00000000d5d80000,0x00000000d9e80000)
  from space 5120K, 99% used [0x00000000d9e80000,0x00000000da37e038,0x00000000da380000)
  to   space 5120K, 0% used [0x00000000de480000,0x00000000de480000,0x00000000de980000)
 ParOldGen       total 87552K, used 5401K [0x0000000081800000, 0x0000000086d80000, 0x00000000d5d80000)
  object space 87552K, 6% used [0x0000000081800000,0x0000000081d46708,0x0000000086d80000)
 Metaspace       used 19700K, capacity 21196K, committed 21296K, reserved 1067008K
  class space    used 2591K, capacity 2890K, committed 2944K, reserved 1048576K
Event: 1.383 GC heap after
Heap after GC invocations=4 (full 1):
 PSYoungGen      total 71680K, used 0K [0x00000000d5d80000, 0x00000000de980000, 0x0000000100000000)
  eden space 66560K, 0% used [0x00000000d5d80000,0x00000000d5d80000,0x00000000d9e80000)
  from space 5120K, 0% used [0x00000000d9e80000,0x00000000d9e80000,0x00000000da380000)
  to   space 5120K, 0% used [0x00000000de480000,0x00000000de480000,0x00000000de980000)
 ParOldGen       total 68608K, used 9823K [0x0000000081800000, 0x0000000085b00000, 0x00000000d5d80000)
  object space 68608K, 14% used [0x0000000081800000,0x0000000082197f10,0x0000000085b00000)
 Metaspace       used 19700K, capacity 21196K, committed 21296K, reserved 1067008K
  class space    used 2591K, capacity 2890K, committed 2944K, reserved 1048576K
}
Event: 1.704 GC heap before
{Heap before GC invocations=5 (full 1):
 PSYoungGen      total 71680K, used 66560K [0x00000000d5d80000, 0x00000000de980000, 0x0000000100000000)
  eden space 66560K, 100% used [0x00000000d5d80000,0x00000000d9e80000,0x00000000d9e80000)
  from space 5120K, 0% used [0x00000000d9e80000,0x00000000d9e80000,0x00000000da380000)
  to   space 5120K, 0% used [0x00000000de480000,0x00000000de480000,0x00000000de980000)
 ParOldGen       total 68608K, used 9823K [0x0000000081800000, 0x0000000085b00000, 0x00000000d5d80000)
  object space 68608K, 14% used [0x0000000081800000,0x0000000082197f10,0x0000000085b00000)
 Metaspace       used 26756K, capacity 28490K, committed 28672K, reserved 1075200K
  class space    used 3458K, capacity 3787K, committed 3840K, reserved 1048576K
Event: 1.711 GC heap after
Heap after GC invocations=5 (full 1):
 PSYoungGen      total 100352K, used 5100K [0x00000000d5d80000, 0x00000000de980000, 0x0000000100000000)
  eden space 95232K, 0% used [0x00000000d5d80000,0x00000000d5d80000,0x00000000dba80000)
  from space 5120K, 99% used [0x00000000de480000,0x00000000de97b200,0x00000000de980000)
  to   space 5120K, 0% used [0x00000000ddf80000,0x00000000ddf80000,0x00000000de480000)
 ParOldGen       total 68608K, used 13307K [0x0000000081800000, 0x0000000085b00000, 0x00000000d5d80000)
  object space 68608K, 19% used [0x0000000081800000,0x00000000824fef50,0x0000000085b00000)
 Metaspace       used 26756K, capacity 28490K, committed 28672K, reserved 1075200K
  class space    used 3458K, capacity 3787K, committed 3840K, reserved 1048576K
}
Event: 2.437 GC heap before
{Heap before GC invocations=6 (full 1):
 PSYoungGen      total 100352K, used 100332K [0x00000000d5d80000, 0x00000000de980000, 0x0000000100000000)
  eden space 95232K, 100% used [0x00000000d5d80000,0x00000000dba80000,0x00000000dba80000)
  from space 5120K, 99% used [0x00000000de480000,0x00000000de97b200,0x00000000de980000)
  to   space 5120K, 0% used [0x00000000ddf80000,0x00000000ddf80000,0x00000000de480000)
 ParOldGen       total 68608K, used 13307K [0x0000000081800000, 0x0000000085b00000, 0x00000000d5d80000)
  object space 68608K, 19% used [0x0000000081800000,0x00000000824fef50,0x0000000085b00000)
 Metaspace       used 31497K, capacity 33498K, committed 33664K, reserved 1079296K
  class space    used 4021K, capacity 4405K, committed 4480K, reserved 1048576K
Event: 2.445 GC heap after
Heap after GC invocations=6 (full 1):
 PSYoungGen      total 138240K, used 5095K [0x00000000d5d80000, 0x00000000df880000, 0x0000000100000000)
  eden space 133120K, 0% used [0x00000000d5d80000,0x00000000d5d80000,0x00000000ddf80000)
  from space 5120K, 99% used [0x00000000ddf80000,0x00000000de479ff8,0x00000000de480000)
  to   space 12288K, 0% used [0x00000000dec80000,0x00000000dec80000,0x00000000df880000)
 ParOldGen       total 68608K, used 18140K [0x0000000081800000, 0x0000000085b00000, 0x00000000d5d80000)
  object space 68608K, 26% used [0x0000000081800000,0x00000000829b7120,0x0000000085b00000)
 Metaspace       used 31497K, capacity 33498K, committed 33664K, reserved 1079296K
  class space    used 4021K, capacity 4405K, committed 4480K, reserved 1048576K
}
Event: 2.615 GC heap before
{Heap before GC invocations=7 (full 1):
 PSYoungGen      total 138240K, used 32556K [0x00000000d5d80000, 0x00000000df880000, 0x0000000100000000)
  eden space 133120K, 20% used [0x00000000d5d80000,0x00000000d7851188,0x00000000ddf80000)
  from space 5120K, 99% used [0x00000000ddf80000,0x00000000de479ff8,0x00000000de480000)
  to   space 12288K, 0% used [0x00000000dec80000,0x00000000dec80000,0x00000000df880000)
 ParOldGen       total 68608K, used 18140K [0x0000000081800000, 0x0000000085b00000, 0x00000000d5d80000)
  object space 68608K, 26% used [0x0000000081800000,0x00000000829b7120,0x0000000085b00000)
 Metaspace       used 33244K, capacity 35386K, committed 35456K, reserved 1079296K
  class space    used 4262K, capacity 4667K, committed 4736K, reserved 1048576K
Event: 2.620 GC heap after
Heap after GC invocations=7 (full 1):
 PSYoungGen      total 145408K, used 7456K [0x00000000d5d80000, 0x00000000df880000, 0x0000000100000000)
  eden space 133120K, 0% used [0x00000000d5d80000,0x00000000d5d80000,0x00000000ddf80000)
  from space 12288K, 60% used [0x00000000dec80000,0x00000000df3c8040,0x00000000df880000)
  to   space 5120K, 0% used [0x00000000ddf80000,0x00000000ddf80000,0x00000000de480000)
 ParOldGen       total 68608K, used 18148K [0x0000000081800000, 0x0000000085b00000, 0x00000000d5d80000)
  object space 68608K, 26% used [0x0000000081800000,0x00000000829b9120,0x0000000085b00000)
 Metaspace       used 33244K, capacity 35386K, committed 35456K, reserved 1079296K
  class space    used 4262K, capacity 4667K, committed 4736K, reserved 1048576K
}
Event: 2.620 GC heap before
{Heap before GC invocations=8 (full 2):
 PSYoungGen      total 145408K, used 7456K [0x00000000d5d80000, 0x00000000df880000, 0x0000000100000000)
  eden space 133120K, 0% used [0x00000000d5d80000,0x00000000d5d80000,0x00000000ddf80000)
  from space 12288K, 60% used [0x00000000dec80000,0x00000000df3c8040,0x00000000df880000)
  to   space 5120K, 0% used [0x00000000ddf80000,0x00000000ddf80000,0x00000000de480000)
 ParOldGen       total 68608K, used 18148K [0x0000000081800000, 0x0000000085b00000, 0x00000000d5d80000)
  object space 68608K, 26% used [0x0000000081800000,0x00000000829b9120,0x0000000085b00000)
 Metaspace       used 33244K, capacity 35386K, committed 35456K, reserved 1079296K
  class space    used 4262K, capacity 4667K, committed 4736K, reserved 1048576K
Event: 2.660 GC heap after
Heap after GC invocations=8 (full 2):
 PSYoungGen      total 145408K, used 0K [0x00000000d5d80000, 0x00000000df880000, 0x0000000100000000)
  eden space 133120K, 0% used [0x00000000d5d80000,0x00000000d5d80000,0x00000000ddf80000)
  from space 12288K, 0% used [0x00000000dec80000,0x00000000dec80000,0x00000000df880000)
  to   space 5120K, 0% used [0x00000000ddf80000,0x00000000ddf80000,0x00000000de480000)
 ParOldGen       total 104960K, used 12651K [0x0000000081800000, 0x0000000087e80000, 0x00000000d5d80000)
  object space 104960K, 12% used [0x0000000081800000,0x000000008245ac20,0x0000000087e80000)
 Metaspace       used 33244K, capacity 35386K, committed 35456K, reserved 1079296K
  class space    used 4262K, capacity 4667K, committed 4736K, reserved 1048576K
}

