# JRE version: Java(TM) SE Runtime Environment (8.0_251-b08) (build 1.8.0_251-b08)
# Java VM: Java HotSpot(TM) 64-Bit Server VM (25.251-b08 mixed mode windows-amd64 compressed oops)
Heap:
 PSYoungGen      total 223232K, used 206306K [0x00000000d5d80000, 0x00000000e7780000, 0x0000000100000000)
  eden space 211968K, 92% used [0x00000000d5d80000,0x00000000e1bfe430,0x00000000e2c80000)
  from space 11264K, 99% used [0x00000000e6c80000,0x00000000e777a488,0x00000000e7780000)
  to   space 15872K, 0% used [0x00000000e5880000,0x00000000e5880000,0x00000000e6800000)
 ParOldGen       total 79360K, used 26628K [0x0000000081800000, 0x0000000086580000, 0x00000000d5d80000)
  object space 79360K, 33% used [0x0000000081800000,0x0000000083201338,0x0000000086580000)
 Metaspace       used 29248K, capacity 30156K, committed 30464K, reserved 1077248K
  class space    used 3324K, capacity 3512K, committed 3584K, reserved 1048576K
GC Heap History (10 events):
Event: 3.366 GC heap before
{Heap before GC invocations=5 (full 0):
 PSYoungGen      total 71680K, used 71656K [0x00000000d5d80000, 0x00000000da880000, 0x0000000100000000)
  eden space 66560K, 100% used [0x00000000d5d80000,0x00000000d9e80000,0x00000000d9e80000)
  from space 5120K, 99% used [0x00000000da380000,0x00000000da87a020,0x00000000da880000)
  to   space 5120K, 0% used [0x00000000d9e80000,0x00000000d9e80000,0x00000000da380000)
 ParOldGen       total 87552K, used 10266K [0x0000000081800000, 0x0000000086d80000, 0x00000000d5d80000)
  object space 87552K, 11% used [0x0000000081800000,0x0000000082206a38,0x0000000086d80000)
 Metaspace       used 16598K, capacity 16962K, committed 17152K, reserved 1064960K
  class space    used 1916K, capacity 2020K, committed 2048K, reserved 1048576K
Event: 3.378 GC heap after
Heap after GC invocations=5 (full 0):
 PSYoungGen      total 71680K, used 5096K [0x00000000d5d80000, 0x00000000df780000, 0x0000000100000000)
  eden space 66560K, 0% used [0x00000000d5d80000,0x00000000d5d80000,0x00000000d9e80000)
  from space 5120K, 99% used [0x00000000d9e80000,0x00000000da37a020,0x00000000da380000)
  to   space 12288K, 0% used [0x00000000deb80000,0x00000000deb80000,0x00000000df780000)
 ParOldGen       total 87552K, used 16189K [0x0000000081800000, 0x0000000086d80000, 0x00000000d5d80000)
  object space 87552K, 18% used [0x0000000081800000,0x00000000827cf590,0x0000000086d80000)
 Metaspace       used 16598K, capacity 16962K, committed 17152K, reserved 1064960K
  class space    used 1916K, capacity 2020K, committed 2048K, reserved 1048576K
}
Event: 3.836 GC heap before
{Heap before GC invocations=6 (full 0):
 PSYoungGen      total 71680K, used 62861K [0x00000000d5d80000, 0x00000000df780000, 0x0000000100000000)
  eden space 66560K, 86% used [0x00000000d5d80000,0x00000000d95e9728,0x00000000d9e80000)
  from space 5120K, 99% used [0x00000000d9e80000,0x00000000da37a020,0x00000000da380000)
  to   space 12288K, 0% used [0x00000000deb80000,0x00000000deb80000,0x00000000df780000)
 ParOldGen       total 87552K, used 16189K [0x0000000081800000, 0x0000000086d80000, 0x00000000d5d80000)
  object space 87552K, 18% used [0x0000000081800000,0x00000000827cf590,0x0000000086d80000)
 Metaspace       used 17578K, capacity 18074K, committed 18304K, reserved 1064960K
  class space    used 2017K, capacity 2156K, committed 2176K, reserved 1048576K
Event: 3.858 GC heap after
Heap after GC invocations=6 (full 0):
 PSYoungGen      total 144384K, used 7879K [0x00000000d5d80000, 0x00000000df680000, 0x0000000100000000)
  eden space 133120K, 0% used [0x00000000d5d80000,0x00000000d5d80000,0x00000000ddf80000)
  from space 11264K, 69% used [0x00000000deb80000,0x00000000df331ef8,0x00000000df680000)
  to   space 11776K, 0% used [0x00000000ddf80000,0x00000000ddf80000,0x00000000deb00000)
 ParOldGen       total 87552K, used 35397K [0x0000000081800000, 0x0000000086d80000, 0x00000000d5d80000)
  object space 87552K, 40% used [0x0000000081800000,0x0000000083a915b0,0x0000000086d80000)
 Metaspace       used 17578K, capacity 18074K, committed 18304K, reserved 1064960K
  class space    used 2017K, capacity 2156K, committed 2176K, reserved 1048576K
}
Event: 4.503 GC heap before
{Heap before GC invocations=7 (full 0):
 PSYoungGen      total 144384K, used 79786K [0x00000000d5d80000, 0x00000000df680000, 0x0000000100000000)
  eden space 133120K, 54% used [0x00000000d5d80000,0x00000000da3b8b90,0x00000000ddf80000)
  from space 11264K, 69% used [0x00000000deb80000,0x00000000df331ef8,0x00000000df680000)
  to   space 11776K, 0% used [0x00000000ddf80000,0x00000000ddf80000,0x00000000deb00000)
 ParOldGen       total 87552K, used 35397K [0x0000000081800000, 0x0000000086d80000, 0x00000000d5d80000)
  object space 87552K, 40% used [0x0000000081800000,0x0000000083a915b0,0x0000000086d80000)
 Metaspace       used 20606K, capacity 21152K, committed 21248K, reserved 1069056K
  class space    used 2398K, capacity 2525K, committed 2560K, reserved 1048576K
Event: 4.522 GC heap after
Heap after GC invocations=7 (full 0):
 PSYoungGen      total 144896K, used 7975K [0x00000000d5d80000, 0x00000000e7780000, 0x0000000100000000)
  eden space 133120K, 0% used [0x00000000d5d80000,0x00000000d5d80000,0x00000000ddf80000)
  from space 11776K, 67% used [0x00000000ddf80000,0x00000000de749f58,0x00000000deb00000)
  to   space 11264K, 0% used [0x00000000e6c80000,0x00000000e6c80000,0x00000000e7780000)
 ParOldGen       total 87552K, used 36819K [0x0000000081800000, 0x0000000086d80000, 0x00000000d5d80000)
  object space 87552K, 42% used [0x0000000081800000,0x0000000083bf4e90,0x0000000086d80000)
 Metaspace       used 20606K, capacity 21152K, committed 21248K, reserved 1069056K
  class space    used 2398K, capacity 2525K, committed 2560K, reserved 1048576K
}
Event: 4.522 GC heap before
{Heap before GC invocations=8 (full 1):
 PSYoungGen      total 144896K, used 7975K [0x00000000d5d80000, 0x00000000e7780000, 0x0000000100000000)
  eden space 133120K, 0% used [0x00000000d5d80000,0x00000000d5d80000,0x00000000ddf80000)
  from space 11776K, 67% used [0x00000000ddf80000,0x00000000de749f58,0x00000000deb00000)
  to   space 11264K, 0% used [0x00000000e6c80000,0x00000000e6c80000,0x00000000e7780000)
 ParOldGen       total 87552K, used 36819K [0x0000000081800000, 0x0000000086d80000, 0x00000000d5d80000)
  object space 87552K, 42% used [0x0000000081800000,0x0000000083bf4e90,0x0000000086d80000)
 Metaspace       used 20606K, capacity 21152K, committed 21248K, reserved 1069056K
  class space    used 2398K, capacity 2525K, committed 2560K, reserved 1048576K
Event: 4.582 GC heap after
Heap after GC invocations=8 (full 1):
 PSYoungGen      total 144896K, used 0K [0x00000000d5d80000, 0x00000000e7780000, 0x0000000100000000)
  eden space 133120K, 0% used [0x00000000d5d80000,0x00000000d5d80000,0x00000000ddf80000)
  from space 11776K, 0% used [0x00000000ddf80000,0x00000000ddf80000,0x00000000deb00000)
  to   space 11264K, 0% used [0x00000000e6c80000,0x00000000e6c80000,0x00000000e7780000)
 ParOldGen       total 79360K, used 18570K [0x0000000081800000, 0x0000000086580000, 0x00000000d5d80000)
  object space 79360K, 23% used [0x0000000081800000,0x0000000082a22ae0,0x0000000086580000)
 Metaspace       used 20606K, capacity 21152K, committed 21248K, reserved 1069056K
  class space    used 2398K, capacity 2525K, committed 2560K, reserved 1048576K
}
Event: 6.845 GC heap before
{Heap before GC invocations=9 (full 1):
 PSYoungGen      total 144896K, used 133120K [0x00000000d5d80000, 0x00000000e7780000, 0x0000000100000000)
  eden space 133120K, 100% used [0x00000000d5d80000,0x00000000ddf80000,0x00000000ddf80000)
  from space 11776K, 0% used [0x00000000ddf80000,0x00000000ddf80000,0x00000000deb00000)
  to   space 11264K, 0% used [0x00000000e6c80000,0x00000000e6c80000,0x00000000e7780000)
 ParOldGen       total 79360K, used 18570K [0x0000000081800000, 0x0000000086580000, 0x00000000d5d80000)
  object space 79360K, 23% used [0x0000000081800000,0x0000000082a22ae0,0x0000000086580000)
 Metaspace       used 25170K, capacity 25896K, committed 26240K, reserved 1073152K
  class space    used 2885K, capacity 3078K, committed 3200K, reserved 1048576K
Event: 6.861 GC heap after
Heap after GC invocations=9 (full 1):
 PSYoungGen      total 223232K, used 11241K [0x00000000d5d80000, 0x00000000e7780000, 0x0000000100000000)
  eden space 211968K, 0% used [0x00000000d5d80000,0x00000000d5d80000,0x00000000e2c80000)
  from space 11264K, 99% used [0x00000000e6c80000,0x00000000e777a488,0x00000000e7780000)
  to   space 15872K, 0% used [0x00000000e5880000,0x00000000e5880000,0x00000000e6800000)
 ParOldGen       total 79360K, used 26628K [0x0000000081800000, 0x0000000086580000, 0x00000000d5d80000)
  object space 79360K, 33% used [0x0000000081800000,0x0000000083201338,0x0000000086580000)
 Metaspace       used 25170K, capacity 25896K, committed 26240K, reserved 1073152K
  class space    used 2885K, capacity 3078K, committed 3200K, reserved 1048576K
}

