# JRE version: Java(TM) SE Runtime Environment (8.0_251-b08) (build 1.8.0_251-b08)
# Java VM: Java HotSpot(TM) 64-Bit Server VM (25.251-b08 mixed mode windows-amd64 compressed oops)
Heap:
 PSYoungGen      total 71680K, used 34032K [0x00000000d5d80000, 0x00000000dd100000, 0x0000000100000000)
  eden space 66560K, 43% used [0x00000000d5d80000,0x00000000d79bd600,0x00000000d9e80000)
  from space 5120K, 99% used [0x00000000d9e80000,0x00000000da37eb10,0x00000000da380000)
  to   space 9728K, 0% used [0x00000000dc780000,0x00000000dc780000,0x00000000dd100000)
 ParOldGen       total 63488K, used 11122K [0x0000000081800000, 0x0000000085600000, 0x00000000d5d80000)
  object space 63488K, 17% used [0x0000000081800000,0x00000000822dc8e8,0x0000000085600000)
 Metaspace       used 28300K, capacity 30130K, committed 30464K, reserved 1075200K
  class space    used 3623K, capacity 3979K, committed 4096K, reserved 1048576K
GC Heap History (10 events):
Event: 0.893 GC heap before
{Heap before GC invocations=2 (full 0):
 PSYoungGen      total 38400K, used 38240K [0x00000000d5d80000, 0x00000000d8800000, 0x0000000100000000)
  eden space 33280K, 100% used [0x00000000d5d80000,0x00000000d7e00000,0x00000000d7e00000)
  from space 5120K, 96% used [0x00000000d7e00000,0x00000000d82d81b0,0x00000000d8300000)
  to   space 5120K, 0% used [0x00000000d8300000,0x00000000d8300000,0x00000000d8800000)
 ParOldGen       total 87552K, used 16K [0x0000000081800000, 0x0000000086d80000, 0x00000000d5d80000)
  object space 87552K, 0% used [0x0000000081800000,0x0000000081804000,0x0000000086d80000)
 Metaspace       used 13139K, capacity 14086K, committed 14208K, reserved 1060864K
  class space    used 1669K, capacity 1867K, committed 1920K, reserved 1048576K
Event: 0.897 GC heap after
Heap after GC invocations=2 (full 0):
 PSYoungGen      total 38400K, used 5099K [0x00000000d5d80000, 0x00000000da880000, 0x0000000100000000)
  eden space 33280K, 0% used [0x00000000d5d80000,0x00000000d5d80000,0x00000000d7e00000)
  from space 5120K, 99% used [0x00000000d8300000,0x00000000d87fade8,0x00000000d8800000)
  to   space 5120K, 0% used [0x00000000d7e00000,0x00000000d7e00000,0x00000000d8300000)
 ParOldGen       total 87552K, used 476K [0x0000000081800000, 0x0000000086d80000, 0x00000000d5d80000)
  object space 87552K, 0% used [0x0000000081800000,0x0000000081877398,0x0000000086d80000)
 Metaspace       used 13139K, capacity 14086K, committed 14208K, reserved 1060864K
  class space    used 1669K, capacity 1867K, committed 1920K, reserved 1048576K
}
Event: 1.142 GC heap before
{Heap before GC invocations=3 (full 0):
 PSYoungGen      total 38400K, used 38379K [0x00000000d5d80000, 0x00000000da880000, 0x0000000100000000)
  eden space 33280K, 100% used [0x00000000d5d80000,0x00000000d7e00000,0x00000000d7e00000)
  from space 5120K, 99% used [0x00000000d8300000,0x00000000d87fade8,0x00000000d8800000)
  to   space 5120K, 0% used [0x00000000d7e00000,0x00000000d7e00000,0x00000000d8300000)
 ParOldGen       total 87552K, used 476K [0x0000000081800000, 0x0000000086d80000, 0x00000000d5d80000)
  object space 87552K, 0% used [0x0000000081800000,0x0000000081877398,0x0000000086d80000)
 Metaspace       used 16689K, capacity 17828K, committed 18048K, reserved 1064960K
  class space    used 2138K, capacity 2356K, committed 2432K, reserved 1048576K
Event: 1.146 GC heap after
Heap after GC invocations=3 (full 0):
 PSYoungGen      total 38400K, used 5103K [0x00000000d5d80000, 0x00000000da880000, 0x0000000100000000)
  eden space 33280K, 0% used [0x00000000d5d80000,0x00000000d5d80000,0x00000000d7e00000)
  from space 5120K, 99% used [0x00000000d7e00000,0x00000000d82fbcc0,0x00000000d8300000)
  to   space 5120K, 0% used [0x00000000da380000,0x00000000da380000,0x00000000da880000)
 ParOldGen       total 87552K, used 2242K [0x0000000081800000, 0x0000000086d80000, 0x00000000d5d80000)
  object space 87552K, 2% used [0x0000000081800000,0x0000000081a30ac8,0x0000000086d80000)
 Metaspace       used 16689K, capacity 17828K, committed 18048K, reserved 1064960K
  class space    used 2138K, capacity 2356K, committed 2432K, reserved 1048576K
}
Event: 1.387 GC heap before
{Heap before GC invocations=4 (full 0):
 PSYoungGen      total 38400K, used 31965K [0x00000000d5d80000, 0x00000000da880000, 0x0000000100000000)
  eden space 33280K, 80% used [0x00000000d5d80000,0x00000000d77bb830,0x00000000d7e00000)
  from space 5120K, 99% used [0x00000000d7e00000,0x00000000d82fbcc0,0x00000000d8300000)
  to   space 5120K, 0% used [0x00000000da380000,0x00000000da380000,0x00000000da880000)
 ParOldGen       total 87552K, used 2242K [0x0000000081800000, 0x0000000086d80000, 0x00000000d5d80000)
  object space 87552K, 2% used [0x0000000081800000,0x0000000081a30ac8,0x0000000086d80000)
 Metaspace       used 19685K, capacity 21200K, committed 21296K, reserved 1067008K
  class space    used 2591K, capacity 2890K, committed 2944K, reserved 1048576K
Event: 1.393 GC heap after
Heap after GC invocations=4 (full 0):
 PSYoungGen      total 71680K, used 5093K [0x00000000d5d80000, 0x00000000da880000, 0x0000000100000000)
  eden space 66560K, 0% used [0x00000000d5d80000,0x00000000d5d80000,0x00000000d9e80000)
  from space 5120K, 99% used [0x00000000da380000,0x00000000da8795d8,0x00000000da880000)
  to   space 5120K, 0% used [0x00000000d9e80000,0x00000000d9e80000,0x00000000da380000)
 ParOldGen       total 87552K, used 4857K [0x0000000081800000, 0x0000000086d80000, 0x00000000d5d80000)
  object space 87552K, 5% used [0x0000000081800000,0x0000000081cbe510,0x0000000086d80000)
 Metaspace       used 19685K, capacity 21200K, committed 21296K, reserved 1067008K
  class space    used 2591K, capacity 2890K, committed 2944K, reserved 1048576K
}
Event: 1.395 GC heap before
{Heap before GC invocations=5 (full 1):
 PSYoungGen      total 71680K, used 5093K [0x00000000d5d80000, 0x00000000da880000, 0x0000000100000000)
  eden space 66560K, 0% used [0x00000000d5d80000,0x00000000d5d80000,0x00000000d9e80000)
  from space 5120K, 99% used [0x00000000da380000,0x00000000da8795d8,0x00000000da880000)
  to   space 5120K, 0% used [0x00000000d9e80000,0x00000000d9e80000,0x00000000da380000)
 ParOldGen       total 87552K, used 4857K [0x0000000081800000, 0x0000000086d80000, 0x00000000d5d80000)
  object space 87552K, 5% used [0x0000000081800000,0x0000000081cbe510,0x0000000086d80000)
 Metaspace       used 19685K, capacity 21200K, committed 21296K, reserved 1067008K
  class space    used 2591K, capacity 2890K, committed 2944K, reserved 1048576K
Event: 1.421 GC heap after
Heap after GC invocations=5 (full 1):
 PSYoungGen      total 71680K, used 0K [0x00000000d5d80000, 0x00000000da880000, 0x0000000100000000)
  eden space 66560K, 0% used [0x00000000d5d80000,0x00000000d5d80000,0x00000000d9e80000)
  from space 5120K, 0% used [0x00000000da380000,0x00000000da380000,0x00000000da880000)
  to   space 5120K, 0% used [0x00000000d9e80000,0x00000000d9e80000,0x00000000da380000)
 ParOldGen       total 63488K, used 7573K [0x0000000081800000, 0x0000000085600000, 0x00000000d5d80000)
  object space 63488K, 11% used [0x0000000081800000,0x0000000081f65558,0x0000000085600000)
 Metaspace       used 19685K, capacity 21200K, committed 21296K, reserved 1067008K
  class space    used 2591K, capacity 2890K, committed 2944K, reserved 1048576K
}
Event: 1.728 GC heap before
{Heap before GC invocations=6 (full 1):
 PSYoungGen      total 71680K, used 66560K [0x00000000d5d80000, 0x00000000da880000, 0x0000000100000000)
  eden space 66560K, 100% used [0x00000000d5d80000,0x00000000d9e80000,0x00000000d9e80000)
  from space 5120K, 0% used [0x00000000da380000,0x00000000da380000,0x00000000da880000)
  to   space 5120K, 0% used [0x00000000d9e80000,0x00000000d9e80000,0x00000000da380000)
 ParOldGen       total 63488K, used 7573K [0x0000000081800000, 0x0000000085600000, 0x00000000d5d80000)
  object space 63488K, 11% used [0x0000000081800000,0x0000000081f65558,0x0000000085600000)
 Metaspace       used 26753K, capacity 28490K, committed 28672K, reserved 1075200K
  class space    used 3464K, capacity 3787K, committed 3840K, reserved 1048576K
Event: 1.736 GC heap after
Heap after GC invocations=6 (full 1):
 PSYoungGen      total 71680K, used 5114K [0x00000000d5d80000, 0x00000000dd100000, 0x0000000100000000)
  eden space 66560K, 0% used [0x00000000d5d80000,0x00000000d5d80000,0x00000000d9e80000)
  from space 5120K, 99% used [0x00000000d9e80000,0x00000000da37eb10,0x00000000da380000)
  to   space 9728K, 0% used [0x00000000dc780000,0x00000000dc780000,0x00000000dd100000)
 ParOldGen       total 63488K, used 11122K [0x0000000081800000, 0x0000000085600000, 0x00000000d5d80000)
  object space 63488K, 17% used [0x0000000081800000,0x00000000822dc8e8,0x0000000085600000)
 Metaspace       used 26753K, capacity 28490K, committed 28672K, reserved 1075200K
  class space    used 3464K, capacity 3787K, committed 3840K, reserved 1048576K
}

