# JRE version: Java(TM) SE Runtime Environment (8.0_251-b08) (build 1.8.0_251-b08)
# Java VM: Java HotSpot(TM) 64-Bit Server VM (25.251-b08 mixed mode windows-amd64 compressed oops)
Heap:
 PSYoungGen      total 71680K, used 41231K [0x00000000d5d80000, 0x00000000da880000, 0x0000000100000000)
  eden space 66560K, 54% used [0x00000000d5d80000,0x00000000d80c6648,0x00000000d9e80000)
  from space 5120K, 99% used [0x00000000d9e80000,0x00000000da37d838,0x00000000da380000)
  to   space 5120K, 0% used [0x00000000da380000,0x00000000da380000,0x00000000da880000)
 ParOldGen       total 64000K, used 11307K [0x0000000081800000, 0x0000000085680000, 0x00000000d5d80000)
  object space 64000K, 17% used [0x0000000081800000,0x000000008230adf8,0x0000000085680000)
 Metaspace       used 28476K, capacity 30312K, committed 30464K, reserved 1075200K
  class space    used 3646K, capacity 4014K, committed 4096K, reserved 1048576K
GC Heap History (10 events):
Event: 0.827 GC heap before
{Heap before GC invocations=2 (full 0):
 PSYoungGen      total 38400K, used 38150K [0x00000000d5d80000, 0x00000000d8800000, 0x0000000100000000)
  eden space 33280K, 100% used [0x00000000d5d80000,0x00000000d7e00000,0x00000000d7e00000)
  from space 5120K, 95% used [0x00000000d7e00000,0x00000000d82c1ad0,0x00000000d8300000)
  to   space 5120K, 0% used [0x00000000d8300000,0x00000000d8300000,0x00000000d8800000)
 ParOldGen       total 87552K, used 16K [0x0000000081800000, 0x0000000086d80000, 0x00000000d5d80000)
  object space 87552K, 0% used [0x0000000081800000,0x0000000081804000,0x0000000086d80000)
 Metaspace       used 13012K, capacity 13958K, committed 14208K, reserved 1060864K
  class space    used 1660K, capacity 1867K, committed 1920K, reserved 1048576K
Event: 0.833 GC heap after
Heap after GC invocations=2 (full 0):
 PSYoungGen      total 38400K, used 5114K [0x00000000d5d80000, 0x00000000da880000, 0x0000000100000000)
  eden space 33280K, 0% used [0x00000000d5d80000,0x00000000d5d80000,0x00000000d7e00000)
  from space 5120K, 99% used [0x00000000d8300000,0x00000000d87fe980,0x00000000d8800000)
  to   space 5120K, 0% used [0x00000000d7e00000,0x00000000d7e00000,0x00000000d8300000)
 ParOldGen       total 87552K, used 421K [0x0000000081800000, 0x0000000086d80000, 0x00000000d5d80000)
  object space 87552K, 0% used [0x0000000081800000,0x0000000081869790,0x0000000086d80000)
 Metaspace       used 13012K, capacity 13958K, committed 14208K, reserved 1060864K
  class space    used 1660K, capacity 1867K, committed 1920K, reserved 1048576K
}
Event: 1.143 GC heap before
{Heap before GC invocations=3 (full 0):
 PSYoungGen      total 38400K, used 38394K [0x00000000d5d80000, 0x00000000da880000, 0x0000000100000000)
  eden space 33280K, 100% used [0x00000000d5d80000,0x00000000d7e00000,0x00000000d7e00000)
  from space 5120K, 99% used [0x00000000d8300000,0x00000000d87fe980,0x00000000d8800000)
  to   space 5120K, 0% used [0x00000000d7e00000,0x00000000d7e00000,0x00000000d8300000)
 ParOldGen       total 87552K, used 421K [0x0000000081800000, 0x0000000086d80000, 0x00000000d5d80000)
  object space 87552K, 0% used [0x0000000081800000,0x0000000081869790,0x0000000086d80000)
 Metaspace       used 16536K, capacity 17700K, committed 17792K, reserved 1064960K
  class space    used 2131K, capacity 2356K, committed 2432K, reserved 1048576K
Event: 1.148 GC heap after
Heap after GC invocations=3 (full 0):
 PSYoungGen      total 38400K, used 5115K [0x00000000d5d80000, 0x00000000da880000, 0x0000000100000000)
  eden space 33280K, 0% used [0x00000000d5d80000,0x00000000d5d80000,0x00000000d7e00000)
  from space 5120K, 99% used [0x00000000d7e00000,0x00000000d82fede8,0x00000000d8300000)
  to   space 5120K, 0% used [0x00000000da380000,0x00000000da380000,0x00000000da880000)
 ParOldGen       total 87552K, used 2180K [0x0000000081800000, 0x0000000086d80000, 0x00000000d5d80000)
  object space 87552K, 2% used [0x0000000081800000,0x0000000081a213c0,0x0000000086d80000)
 Metaspace       used 16536K, capacity 17700K, committed 17792K, reserved 1064960K
  class space    used 2131K, capacity 2356K, committed 2432K, reserved 1048576K
}
Event: 1.512 GC heap before
{Heap before GC invocations=4 (full 0):
 PSYoungGen      total 38400K, used 33254K [0x00000000d5d80000, 0x00000000da880000, 0x0000000100000000)
  eden space 33280K, 84% used [0x00000000d5d80000,0x00000000d78fad28,0x00000000d7e00000)
  from space 5120K, 99% used [0x00000000d7e00000,0x00000000d82fede8,0x00000000d8300000)
  to   space 5120K, 0% used [0x00000000da380000,0x00000000da380000,0x00000000da880000)
 ParOldGen       total 87552K, used 2180K [0x0000000081800000, 0x0000000086d80000, 0x00000000d5d80000)
  object space 87552K, 2% used [0x0000000081800000,0x0000000081a213c0,0x0000000086d80000)
 Metaspace       used 19744K, capacity 21200K, committed 21296K, reserved 1067008K
  class space    used 2600K, capacity 2890K, committed 2944K, reserved 1048576K
Event: 1.522 GC heap after
Heap after GC invocations=4 (full 0):
 PSYoungGen      total 71680K, used 5117K [0x00000000d5d80000, 0x00000000da880000, 0x0000000100000000)
  eden space 66560K, 0% used [0x00000000d5d80000,0x00000000d5d80000,0x00000000d9e80000)
  from space 5120K, 99% used [0x00000000da380000,0x00000000da87f7d0,0x00000000da880000)
  to   space 5120K, 0% used [0x00000000d9e80000,0x00000000d9e80000,0x00000000da380000)
 ParOldGen       total 87552K, used 4982K [0x0000000081800000, 0x0000000086d80000, 0x00000000d5d80000)
  object space 87552K, 5% used [0x0000000081800000,0x0000000081cdd978,0x0000000086d80000)
 Metaspace       used 19744K, capacity 21200K, committed 21296K, reserved 1067008K
  class space    used 2600K, capacity 2890K, committed 2944K, reserved 1048576K
}
Event: 1.522 GC heap before
{Heap before GC invocations=5 (full 1):
 PSYoungGen      total 71680K, used 5117K [0x00000000d5d80000, 0x00000000da880000, 0x0000000100000000)
  eden space 66560K, 0% used [0x00000000d5d80000,0x00000000d5d80000,0x00000000d9e80000)
  from space 5120K, 99% used [0x00000000da380000,0x00000000da87f7d0,0x00000000da880000)
  to   space 5120K, 0% used [0x00000000d9e80000,0x00000000d9e80000,0x00000000da380000)
 ParOldGen       total 87552K, used 4982K [0x0000000081800000, 0x0000000086d80000, 0x00000000d5d80000)
  object space 87552K, 5% used [0x0000000081800000,0x0000000081cdd978,0x0000000086d80000)
 Metaspace       used 19744K, capacity 21200K, committed 21296K, reserved 1067008K
  class space    used 2600K, capacity 2890K, committed 2944K, reserved 1048576K
Event: 1.564 GC heap after
Heap after GC invocations=5 (full 1):
 PSYoungGen      total 71680K, used 0K [0x00000000d5d80000, 0x00000000da880000, 0x0000000100000000)
  eden space 66560K, 0% used [0x00000000d5d80000,0x00000000d5d80000,0x00000000d9e80000)
  from space 5120K, 0% used [0x00000000da380000,0x00000000da380000,0x00000000da880000)
  to   space 5120K, 0% used [0x00000000d9e80000,0x00000000d9e80000,0x00000000da380000)
 ParOldGen       total 64000K, used 7802K [0x0000000081800000, 0x0000000085680000, 0x00000000d5d80000)
  object space 64000K, 12% used [0x0000000081800000,0x0000000081f9eb60,0x0000000085680000)
 Metaspace       used 19744K, capacity 21200K, committed 21296K, reserved 1067008K
  class space    used 2600K, capacity 2890K, committed 2944K, reserved 1048576K
}
Event: 1.982 GC heap before
{Heap before GC invocations=6 (full 1):
 PSYoungGen      total 71680K, used 66560K [0x00000000d5d80000, 0x00000000da880000, 0x0000000100000000)
  eden space 66560K, 100% used [0x00000000d5d80000,0x00000000d9e80000,0x00000000d9e80000)
  from space 5120K, 0% used [0x00000000da380000,0x00000000da380000,0x00000000da880000)
  to   space 5120K, 0% used [0x00000000d9e80000,0x00000000d9e80000,0x00000000da380000)
 ParOldGen       total 64000K, used 7802K [0x0000000081800000, 0x0000000085680000, 0x00000000d5d80000)
  object space 64000K, 12% used [0x0000000081800000,0x0000000081f9eb60,0x0000000085680000)
 Metaspace       used 26782K, capacity 28464K, committed 28672K, reserved 1075200K
  class space    used 3471K, capacity 3820K, committed 3840K, reserved 1048576K
Event: 1.989 GC heap after
Heap after GC invocations=6 (full 1):
 PSYoungGen      total 71680K, used 5110K [0x00000000d5d80000, 0x00000000da880000, 0x0000000100000000)
  eden space 66560K, 0% used [0x00000000d5d80000,0x00000000d5d80000,0x00000000d9e80000)
  from space 5120K, 99% used [0x00000000d9e80000,0x00000000da37d838,0x00000000da380000)
  to   space 5120K, 0% used [0x00000000da380000,0x00000000da380000,0x00000000da880000)
 ParOldGen       total 64000K, used 11307K [0x0000000081800000, 0x0000000085680000, 0x00000000d5d80000)
  object space 64000K, 17% used [0x0000000081800000,0x000000008230adf8,0x0000000085680000)
 Metaspace       used 26782K, capacity 28464K, committed 28672K, reserved 1075200K
  class space    used 3471K, capacity 3820K, committed 3840K, reserved 1048576K
}

